<?xml version="1.0" encoding="UTF-8"?>
<robot generator="Robot 7.2 (Python 3.12.5 on win32)" generated="2025-05-07T18:17:44.277379" rpa="false" schemaversion="5">
<suite id="s1" name="ModulKampanye Penerbitan Laporan" source="D:\UNTUK SKRIPSI\BISMILLAH BAB_4\TestingRobotFramework\ModulKampanye_Penerbitan_Laporan.robot">
<kw name="Buka Aplikasi dan Login" type="SETUP">
<kw name="Open Browser" owner="SeleniumLibrary">
<msg time="2025-05-07T18:17:45.579380" level="INFO">Opening browser 'Chrome' to base url 'https://app.sinariumkm.id/'.</msg>
<arg>${URL}</arg>
<arg>${BROWSER}</arg>
<doc>Opens a new browser instance to the optional ``url``.</doc>
<status status="PASS" start="2025-05-07T18:17:45.578379" elapsed="18.816001"/>
</kw>
<kw name="Maximize Browser Window" owner="SeleniumLibrary">
<doc>Maximizes current browser window.</doc>
<status status="PASS" start="2025-05-07T18:18:04.395381" elapsed="3.988003"/>
</kw>
<kw name="Wait Until Element Is Visible" owner="SeleniumLibrary">
<arg>xpath=//input[@placeholder='628xxx']</arg>
<arg>timeout=30s</arg>
<doc>Waits until the element ``locator`` is visible.</doc>
<status status="PASS" start="2025-05-07T18:18:08.385392" elapsed="0.478988"/>
</kw>
<kw name="Input Text" owner="SeleniumLibrary">
<msg time="2025-05-07T18:18:08.866379" level="INFO">Typing text '6282122442631' into text field 'xpath=//input[@placeholder='628xxx']'.</msg>
<arg>xpath=//input[@placeholder='628xxx']</arg>
<arg>${PHONE_NUMBER}</arg>
<doc>Types the given ``text`` into the text field identified by ``locator``.</doc>
<status status="PASS" start="2025-05-07T18:18:08.865378" elapsed="1.216000"/>
</kw>
<kw name="Click Button" owner="SeleniumLibrary">
<msg time="2025-05-07T18:18:10.082380" level="INFO">Clicking button 'xpath=//button[text()='Log in SINARI']'.</msg>
<arg>xpath=//button[text()='Log in SINARI']</arg>
<doc>Clicks the button identified by ``locator``.</doc>
<status status="PASS" start="2025-05-07T18:18:10.081378" elapsed="0.682003"/>
</kw>
<kw name="Wait Until Element Is Visible" owner="SeleniumLibrary">
<arg>xpath=//*[@id="appCapsule"]/div/div[2]/form/ul/li/div/div/div/div[1]</arg>
<arg>timeout=30s</arg>
<doc>Waits until the element ``locator`` is visible.</doc>
<status status="PASS" start="2025-05-07T18:18:10.764379" elapsed="1.356999"/>
</kw>
<kw name="Sleep" owner="BuiltIn">
<msg time="2025-05-07T18:18:27.124516" level="INFO">Slept 15 seconds.</msg>
<arg>15s</arg>
<doc>Pauses the test executed for the given time.</doc>
<status status="PASS" start="2025-05-07T18:18:12.122382" elapsed="15.002134"/>
</kw>
<kw name="Click Button" owner="SeleniumLibrary">
<msg time="2025-05-07T18:18:27.125520" level="INFO">Clicking button 'xpath=//*[@id="appCapsule"]/div/div[2]/form/button'.</msg>
<arg>xpath=//*[@id="appCapsule"]/div/div[2]/form/button</arg>
<doc>Clicks the button identified by ``locator``.</doc>
<status status="PASS" start="2025-05-07T18:18:27.125520" elapsed="1.431004"/>
</kw>
<kw name="Sleep" owner="BuiltIn">
<msg time="2025-05-07T18:18:33.558035" level="INFO">Slept 5 seconds.</msg>
<arg>5s</arg>
<doc>Pauses the test executed for the given time.</doc>
<status status="PASS" start="2025-05-07T18:18:28.556524" elapsed="5.001511"/>
</kw>
<status status="PASS" start="2025-05-07T18:17:45.574379" elapsed="47.983656"/>
</kw>
<test id="s1-t1" name="Buka Tab Penerbitan" line="126">
<kw name="Log" owner="BuiltIn">
<msg time="2025-05-07T18:18:33.561053" level="INFO">Membuka tab penerbitan</msg>
<arg>Membuka tab penerbitan</arg>
<doc>Logs the given message with the given level.</doc>
<status status="PASS" start="2025-05-07T18:18:33.560039" elapsed="0.001014"/>
</kw>
<kw name="Click Element" owner="SeleniumLibrary">
<msg time="2025-05-07T18:18:33.562040" level="INFO">Clicking element 'xpath=//*[@id="root"]/div[4]/a[3]/div'.</msg>
<arg>${TAB_PENERBITAN}</arg>
<doc>Click the element identified by ``locator``.</doc>
<status status="PASS" start="2025-05-07T18:18:33.562040" elapsed="0.271998"/>
</kw>
<kw name="Wait Until Element Is Visible" owner="SeleniumLibrary">
<arg>${BUTTON_PROFIL_SOSMED}</arg>
<arg>timeout=10s</arg>
<doc>Waits until the element ``locator`` is visible.</doc>
<status status="PASS" start="2025-05-07T18:18:33.835041" elapsed="0.074015"/>
</kw>
<kw name="Sleep" owner="BuiltIn">
<msg time="2025-05-07T18:18:38.911126" level="INFO">Slept 5 seconds.</msg>
<arg>5s</arg>
<doc>Pauses the test executed for the given time.</doc>
<status status="PASS" start="2025-05-07T18:18:33.910041" elapsed="5.001085"/>
</kw>
<status status="PASS" start="2025-05-07T18:18:33.559040" elapsed="5.353077"/>
</test>
<test id="s1-t2" name="Uji Pilih Facebook Dan Instagram Modul Penerbitan" line="134">
<kw name="Log" owner="BuiltIn">
<msg time="2025-05-07T18:18:38.916124" level="INFO">Profil sosial media dipilih</msg>
<arg>Profil sosial media dipilih</arg>
<doc>Logs the given message with the given level.</doc>
<status status="PASS" start="2025-05-07T18:18:38.915113" elapsed="0.001011"/>
</kw>
<kw name="Wait Until Element Is Visible" owner="SeleniumLibrary">
<arg>${BUTTON_PROFIL_SOSMED}</arg>
<arg>timeout=10s</arg>
<doc>Waits until the element ``locator`` is visible.</doc>
<status status="PASS" start="2025-05-07T18:18:38.917120" elapsed="0.034001"/>
</kw>
<kw name="Click Element" owner="SeleniumLibrary">
<msg time="2025-05-07T18:18:38.953136" level="INFO">Clicking element 'xpath=//*[@id="root"]/div[2]/div/div/div[1]/button'.</msg>
<arg>${BUTTON_PROFIL_SOSMED}</arg>
<doc>Click the element identified by ``locator``.</doc>
<status status="PASS" start="2025-05-07T18:18:38.952121" elapsed="0.261001"/>
</kw>
<kw name="Sleep" owner="BuiltIn">
<msg time="2025-05-07T18:18:41.215148" level="INFO">Slept 2 seconds.</msg>
<arg>2s</arg>
<doc>Pauses the test executed for the given time.</doc>
<status status="PASS" start="2025-05-07T18:18:39.214120" elapsed="2.001028"/>
</kw>
<kw name="Log" owner="BuiltIn">
<msg time="2025-05-07T18:18:41.216156" level="INFO">Instagram dipilih</msg>
<arg>Instagram dipilih</arg>
<doc>Logs the given message with the given level.</doc>
<status status="PASS" start="2025-05-07T18:18:41.216156" elapsed="0.000000"/>
</kw>
<kw name="Wait Until Element Is Visible" owner="SeleniumLibrary">
<arg>${PILIH_INSTAGRAM}</arg>
<arg>timeout=10s</arg>
<doc>Waits until the element ``locator`` is visible.</doc>
<status status="PASS" start="2025-05-07T18:18:41.217167" elapsed="0.062990"/>
</kw>
<kw name="Execute Javascript" owner="SeleniumLibrary">
<msg time="2025-05-07T18:18:41.282171" level="INFO">Executing JavaScript:
document.getElementById("radioAnggotaTim1")?.click()
Without any arguments.</msg>
<arg>document.getElementById("radioAnggotaTim1")?.click()</arg>
<doc>Executes the given JavaScript code with possible arguments.</doc>
<status status="PASS" start="2025-05-07T18:18:41.281156" elapsed="0.087002"/>
</kw>
<kw name="Sleep" owner="BuiltIn">
<msg time="2025-05-07T18:18:43.370782" level="INFO">Slept 2 seconds.</msg>
<arg>2s</arg>
<doc>Pauses the test executed for the given time.</doc>
<status status="PASS" start="2025-05-07T18:18:41.369158" elapsed="2.001624"/>
</kw>
<kw name="Log" owner="BuiltIn">
<msg time="2025-05-07T18:18:43.371787" level="INFO">Buka kembali modal</msg>
<arg>Buka kembali modal</arg>
<doc>Logs the given message with the given level.</doc>
<status status="PASS" start="2025-05-07T18:18:43.371787" elapsed="0.000000"/>
</kw>
<kw name="Click Element" owner="SeleniumLibrary">
<msg time="2025-05-07T18:18:43.373772" level="INFO">Clicking element 'xpath=//*[@id="root"]/div[2]/div/div/div[1]/button'.</msg>
<arg>${BUTTON_PROFIL_SOSMED}</arg>
<doc>Click the element identified by ``locator``.</doc>
<status status="PASS" start="2025-05-07T18:18:43.372771" elapsed="0.153546"/>
</kw>
<kw name="Sleep" owner="BuiltIn">
<msg time="2025-05-07T18:18:45.529641" level="INFO">Slept 2 seconds.</msg>
<arg>2s</arg>
<doc>Pauses the test executed for the given time.</doc>
<status status="PASS" start="2025-05-07T18:18:43.528315" elapsed="2.001326"/>
</kw>
<kw name="Log" owner="BuiltIn">
<msg time="2025-05-07T18:18:45.530646" level="INFO">Facebook dipilih</msg>
<arg>Facebook dipilih</arg>
<doc>Logs the given message with the given level.</doc>
<status status="PASS" start="2025-05-07T18:18:45.530646" elapsed="0.001001"/>
</kw>
<kw name="Wait Until Element Is Visible" owner="SeleniumLibrary">
<arg>${PILIH_FACEBOOK}</arg>
<arg>timeout=10s</arg>
<doc>Waits until the element ``locator`` is visible.</doc>
<status status="PASS" start="2025-05-07T18:18:45.532648" elapsed="0.072001"/>
</kw>
<kw name="Execute Javascript" owner="SeleniumLibrary">
<msg time="2025-05-07T18:18:45.606646" level="INFO">Executing JavaScript:
document.getElementById("radioAnggotaTim0")?.click()
Without any arguments.</msg>
<arg>document.getElementById("radioAnggotaTim0")?.click()</arg>
<doc>Executes the given JavaScript code with possible arguments.</doc>
<status status="PASS" start="2025-05-07T18:18:45.605649" elapsed="0.080999"/>
</kw>
<kw name="Sleep" owner="BuiltIn">
<msg time="2025-05-07T18:18:47.694743" level="INFO">Slept 2 seconds.</msg>
<arg>2s</arg>
<doc>Pauses the test executed for the given time.</doc>
<status status="PASS" start="2025-05-07T18:18:45.692650" elapsed="2.002093"/>
</kw>
<kw name="Log" owner="BuiltIn">
<msg time="2025-05-07T18:18:47.695727" level="INFO">Buka kembali modal</msg>
<arg>Buka kembali modal</arg>
<doc>Logs the given message with the given level.</doc>
<status status="PASS" start="2025-05-07T18:18:47.695727" elapsed="0.000000"/>
</kw>
<kw name="Click Element" owner="SeleniumLibrary">
<msg time="2025-05-07T18:18:47.696742" level="INFO">Clicking element 'xpath=//*[@id="root"]/div[2]/div/div/div[1]/button'.</msg>
<arg>${BUTTON_PROFIL_SOSMED}</arg>
<doc>Click the element identified by ``locator``.</doc>
<status status="PASS" start="2025-05-07T18:18:47.696742" elapsed="0.154992"/>
</kw>
<kw name="Sleep" owner="BuiltIn">
<msg time="2025-05-07T18:18:49.854759" level="INFO">Slept 2 seconds.</msg>
<arg>2s</arg>
<doc>Pauses the test executed for the given time.</doc>
<status status="PASS" start="2025-05-07T18:18:47.853732" elapsed="2.001027"/>
</kw>
<kw name="Log" owner="BuiltIn">
<msg time="2025-05-07T18:18:49.855762" level="INFO">Modal sosial media ditutup</msg>
<arg>Modal sosial media ditutup</arg>
<doc>Logs the given message with the given level.</doc>
<status status="PASS" start="2025-05-07T18:18:49.855762" elapsed="0.000000"/>
</kw>
<kw name="Execute Javascript" owner="SeleniumLibrary">
<msg time="2025-05-07T18:18:49.857765" level="INFO">Executing JavaScript:
document.querySelector('#ModalAnggotaTim a')?.click()
Without any arguments.</msg>
<arg>document.querySelector('#ModalAnggotaTim a')?.click()</arg>
<doc>Executes the given JavaScript code with possible arguments.</doc>
<status status="PASS" start="2025-05-07T18:18:49.856768" elapsed="0.018004"/>
</kw>
<kw name="Wait Until Element Is Visible" owner="SeleniumLibrary">
<arg>${TOMBOL_STATUS_KONTEN}</arg>
<arg>timeout=10s</arg>
<doc>Waits until the element ``locator`` is visible.</doc>
<status status="PASS" start="2025-05-07T18:18:49.875772" elapsed="0.067008"/>
</kw>
<kw name="Sleep" owner="BuiltIn">
<msg time="2025-05-07T18:18:54.944120" level="INFO">Slept 5 seconds.</msg>
<arg>5s</arg>
<doc>Pauses the test executed for the given time.</doc>
<status status="PASS" start="2025-05-07T18:18:49.943769" elapsed="5.000351"/>
</kw>
<status status="PASS" start="2025-05-07T18:18:38.914118" elapsed="16.031005"/>
</test>
<test id="s1-t3" name="Uji Pilih Status Konten" line="170">
<kw name="Log" owner="BuiltIn">
<msg time="2025-05-07T18:18:54.948126" level="INFO">Dropdown status konten dibuka</msg>
<arg>Dropdown status konten dibuka</arg>
<doc>Logs the given message with the given level.</doc>
<status status="PASS" start="2025-05-07T18:18:54.948126" elapsed="0.001001"/>
</kw>
<kw name="Wait Until Element Is Visible" owner="SeleniumLibrary">
<arg>${TOMBOL_STATUS_KONTEN}</arg>
<arg>timeout=10s</arg>
<doc>Waits until the element ``locator`` is visible.</doc>
<status status="PASS" start="2025-05-07T18:18:54.949127" elapsed="0.068002"/>
</kw>
<kw name="Execute Javascript" owner="SeleniumLibrary">
<msg time="2025-05-07T18:18:55.019131" level="INFO">Executing JavaScript:
document.evaluate('//*[@id="root"]/div[2]/div/div/div[2]/button', document, null, XPathResult.FIRST_ORDERED_NODE_TYPE, null).singleNodeValue.click()
Without any arguments.</msg>
<arg>document.evaluate('//*[@id="root"]/div[2]/div/div/div[2]/button', document, null, XPathResult.FIRST_ORDERED_NODE_TYPE, null).singleNodeValue.click()</arg>
<doc>Executes the given JavaScript code with possible arguments.</doc>
<status status="PASS" start="2025-05-07T18:18:55.018126" elapsed="0.029006"/>
</kw>
<kw name="Sleep" owner="BuiltIn">
<msg time="2025-05-07T18:18:56.053135" level="INFO">Slept 1 second.</msg>
<arg>1s</arg>
<doc>Pauses the test executed for the given time.</doc>
<status status="PASS" start="2025-05-07T18:18:55.052131" elapsed="1.001004"/>
</kw>
<kw name="Log" owner="BuiltIn">
<msg time="2025-05-07T18:18:56.054140" level="INFO">Status "Diterbitkan" dipilih</msg>
<arg>Status "Diterbitkan" dipilih</arg>
<doc>Logs the given message with the given level.</doc>
<status status="PASS" start="2025-05-07T18:18:56.054140" elapsed="0.000000"/>
</kw>
<kw name="Wait Until Element Is Visible" owner="SeleniumLibrary">
<arg>${STATUS_DITERBITKAN}</arg>
<arg>timeout=15s</arg>
<doc>Waits until the element ``locator`` is visible.</doc>
<status status="PASS" start="2025-05-07T18:18:56.055141" elapsed="0.065991"/>
</kw>
<kw name="Execute Javascript" owner="SeleniumLibrary">
<msg time="2025-05-07T18:18:56.123152" level="INFO">Executing JavaScript:
document.getElementById("Diterbitkan")?.click()
Without any arguments.</msg>
<arg>document.getElementById("Diterbitkan")?.click()</arg>
<doc>Executes the given JavaScript code with possible arguments.</doc>
<status status="PASS" start="2025-05-07T18:18:56.122130" elapsed="0.013997"/>
</kw>
<kw name="Sleep" owner="BuiltIn">
<msg time="2025-05-07T18:18:57.137678" level="INFO">Slept 1 second.</msg>
<arg>1s</arg>
<doc>Pauses the test executed for the given time.</doc>
<status status="PASS" start="2025-05-07T18:18:56.137127" elapsed="1.000551"/>
</kw>
<kw name="Log" owner="BuiltIn">
<msg time="2025-05-07T18:18:57.138670" level="INFO">Klik dropdown</msg>
<arg>Klik dropdown</arg>
<doc>Logs the given message with the given level.</doc>
<status status="PASS" start="2025-05-07T18:18:57.138670" elapsed="0.000000"/>
</kw>
<kw name="Execute Javascript" owner="SeleniumLibrary">
<msg time="2025-05-07T18:18:57.141670" level="INFO">Executing JavaScript:
document.evaluate('//*[@id="root"]/div[2]/div/div/div[2]/button', document, null, XPathResult.FIRST_ORDERED_NODE_TYPE, null).singleNodeValue.click()
Without any arguments.</msg>
<arg>document.evaluate('//*[@id="root"]/div[2]/div/div/div[2]/button', document, null, XPathResult.FIRST_ORDERED_NODE_TYPE, null).singleNodeValue.click()</arg>
<doc>Executes the given JavaScript code with possible arguments.</doc>
<status status="PASS" start="2025-05-07T18:18:57.139701" elapsed="0.012971"/>
</kw>
<kw name="Sleep" owner="BuiltIn">
<msg time="2025-05-07T18:18:58.154679" level="INFO">Slept 1 second.</msg>
<arg>1s</arg>
<doc>Pauses the test executed for the given time.</doc>
<status status="PASS" start="2025-05-07T18:18:57.153672" elapsed="1.001007"/>
</kw>
<kw name="Log" owner="BuiltIn">
<msg time="2025-05-07T18:18:58.155681" level="INFO">Status "Dijadwalkan" dipilih</msg>
<arg>Status "Dijadwalkan" dipilih</arg>
<doc>Logs the given message with the given level.</doc>
<status status="PASS" start="2025-05-07T18:18:58.155681" elapsed="0.000000"/>
</kw>
<kw name="Wait Until Element Is Visible" owner="SeleniumLibrary">
<arg>${STATUS_DIJADWALKAN}</arg>
<arg>timeout=15s</arg>
<doc>Waits until the element ``locator`` is visible.</doc>
<status status="PASS" start="2025-05-07T18:18:58.156668" elapsed="0.061007"/>
</kw>
<kw name="Execute Javascript" owner="SeleniumLibrary">
<msg time="2025-05-07T18:18:58.220675" level="INFO">Executing JavaScript:
document.getElementById("Dijadwalkan")?.click()
Without any arguments.</msg>
<arg>document.getElementById("Dijadwalkan")?.click()</arg>
<doc>Executes the given JavaScript code with possible arguments.</doc>
<status status="PASS" start="2025-05-07T18:18:58.218678" elapsed="0.087996"/>
</kw>
<kw name="Sleep" owner="BuiltIn">
<msg time="2025-05-07T18:18:59.310181" level="INFO">Slept 1 second.</msg>
<arg>1s</arg>
<doc>Pauses the test executed for the given time.</doc>
<status status="PASS" start="2025-05-07T18:18:58.308671" elapsed="1.001510"/>
</kw>
<kw name="Log" owner="BuiltIn">
<msg time="2025-05-07T18:18:59.311184" level="INFO">Klik dropdown</msg>
<arg>Klik dropdown</arg>
<doc>Logs the given message with the given level.</doc>
<status status="PASS" start="2025-05-07T18:18:59.311184" elapsed="0.000000"/>
</kw>
<kw name="Execute Javascript" owner="SeleniumLibrary">
<msg time="2025-05-07T18:18:59.313188" level="INFO">Executing JavaScript:
document.evaluate('//*[@id="root"]/div[2]/div/div/div[2]/button', document, null, XPathResult.FIRST_ORDERED_NODE_TYPE, null).singleNodeValue.click()
Without any arguments.</msg>
<arg>document.evaluate('//*[@id="root"]/div[2]/div/div/div[2]/button', document, null, XPathResult.FIRST_ORDERED_NODE_TYPE, null).singleNodeValue.click()</arg>
<doc>Executes the given JavaScript code with possible arguments.</doc>
<status status="PASS" start="2025-05-07T18:18:59.312185" elapsed="0.060008"/>
</kw>
<kw name="Sleep" owner="BuiltIn">
<msg time="2025-05-07T18:19:00.375221" level="INFO">Slept 1 second.</msg>
<arg>1s</arg>
<doc>Pauses the test executed for the given time.</doc>
<status status="PASS" start="2025-05-07T18:18:59.374192" elapsed="1.001029"/>
</kw>
<kw name="Log" owner="BuiltIn">
<msg time="2025-05-07T18:19:00.376188" level="INFO">Status "Gagal" dipilih</msg>
<arg>Status "Gagal" dipilih</arg>
<doc>Logs the given message with the given level.</doc>
<status status="PASS" start="2025-05-07T18:19:00.376188" elapsed="0.001018"/>
</kw>
<kw name="Wait Until Element Is Visible" owner="SeleniumLibrary">
<arg>${STATUS_GAGAL}</arg>
<arg>timeout=10s</arg>
<doc>Waits until the element ``locator`` is visible.</doc>
<status status="PASS" start="2025-05-07T18:19:00.378191" elapsed="0.063999"/>
</kw>
<kw name="Execute Javascript" owner="SeleniumLibrary">
<msg time="2025-05-07T18:19:00.444187" level="INFO">Executing JavaScript:
document.getElementById("Gagal")?.click()
Without any arguments.</msg>
<arg>document.getElementById("Gagal")?.click()</arg>
<doc>Executes the given JavaScript code with possible arguments.</doc>
<status status="PASS" start="2025-05-07T18:19:00.442190" elapsed="0.035998"/>
</kw>
<kw name="Sleep" owner="BuiltIn">
<msg time="2025-05-07T18:19:01.494730" level="INFO">Slept 1 second.</msg>
<arg>1s</arg>
<doc>Pauses the test executed for the given time.</doc>
<status status="PASS" start="2025-05-07T18:19:00.493188" elapsed="1.001542"/>
</kw>
<kw name="Log" owner="BuiltIn">
<msg time="2025-05-07T18:19:01.495735" level="INFO">Klik dropdown</msg>
<arg>Klik dropdown</arg>
<doc>Logs the given message with the given level.</doc>
<status status="PASS" start="2025-05-07T18:19:01.495735" elapsed="0.000999"/>
</kw>
<kw name="Execute Javascript" owner="SeleniumLibrary">
<msg time="2025-05-07T18:19:01.498733" level="INFO">Executing JavaScript:
document.evaluate('//*[@id="root"]/div[2]/div/div/div[2]/button', document, null, XPathResult.FIRST_ORDERED_NODE_TYPE, null).singleNodeValue.click()
Without any arguments.</msg>
<arg>document.evaluate('//*[@id="root"]/div[2]/div/div/div[2]/button', document, null, XPathResult.FIRST_ORDERED_NODE_TYPE, null).singleNodeValue.click()</arg>
<doc>Executes the given JavaScript code with possible arguments.</doc>
<status status="PASS" start="2025-05-07T18:19:01.496734" elapsed="0.025005"/>
</kw>
<kw name="Sleep" owner="BuiltIn">
<msg time="2025-05-07T18:19:02.524254" level="INFO">Slept 1 second.</msg>
<arg>1s</arg>
<doc>Pauses the test executed for the given time.</doc>
<status status="PASS" start="2025-05-07T18:19:01.522740" elapsed="1.001514"/>
</kw>
<kw name="Log" owner="BuiltIn">
<msg time="2025-05-07T18:19:02.526257" level="INFO">Klik tombol silang (x)</msg>
<arg>Klik tombol silang (x)</arg>
<doc>Logs the given message with the given level.</doc>
<status status="PASS" start="2025-05-07T18:19:02.525257" elapsed="0.001000"/>
</kw>
<kw name="Wait Until Element Is Visible" owner="SeleniumLibrary">
<arg>${TOMBOL_TUTUP_STATUS}</arg>
<arg>timeout=10s</arg>
<doc>Waits until the element ``locator`` is visible.</doc>
<status status="PASS" start="2025-05-07T18:19:02.526257" elapsed="0.064019"/>
</kw>
<kw name="Execute Javascript" owner="SeleniumLibrary">
<msg time="2025-05-07T18:19:02.592273" level="INFO">Executing JavaScript:
document.evaluate('//*[@id="ModalStatusKonten"]/div/div/div[1]/a', document, null, XPathResult.FIRST_ORDERED_NODE_TYPE, null).singleNodeValue.click()
Without any arguments.</msg>
<arg>document.evaluate('//*[@id="ModalStatusKonten"]/div/div/div[1]/a', document, null, XPathResult.FIRST_ORDERED_NODE_TYPE, null).singleNodeValue.click()</arg>
<doc>Executes the given JavaScript code with possible arguments.</doc>
<status status="PASS" start="2025-05-07T18:19:02.591259" elapsed="0.021007"/>
</kw>
<kw name="Sleep" owner="BuiltIn">
<msg time="2025-05-07T18:19:07.614892" level="INFO">Slept 5 seconds.</msg>
<arg>5s</arg>
<doc>Pauses the test executed for the given time.</doc>
<status status="PASS" start="2025-05-07T18:19:02.613263" elapsed="5.001629"/>
</kw>
<doc>Menguji pemilihan status konten di tab Penerbitan</doc>
<status status="PASS" start="2025-05-07T18:18:54.946122" elapsed="12.669773"/>
</test>
<test id="s1-t4" name="Uji Status Konten Tanpa Pengaturan Penjadwalan" line="225">
<kw name="Log" owner="BuiltIn">
<msg time="2025-05-07T18:19:07.618893" level="INFO">Menambah konten tanpa penjadwalan</msg>
<arg>Menambah konten tanpa penjadwalan</arg>
<doc>Logs the given message with the given level.</doc>
<status status="PASS" start="2025-05-07T18:19:07.618893" elapsed="0.001001"/>
</kw>
<kw name="Click Element" owner="SeleniumLibrary">
<msg time="2025-05-07T18:19:07.620894" level="INFO">Clicking element 'xpath=//*[@id="root"]/div[4]/a[3]/div'.</msg>
<arg>${TAB_PENERBITAN}</arg>
<doc>Click the element identified by ``locator``.</doc>
<status status="PASS" start="2025-05-07T18:19:07.619894" elapsed="0.219005"/>
</kw>
<kw name="Sleep" owner="BuiltIn">
<msg time="2025-05-07T18:19:08.841450" level="INFO">Slept 1 second.</msg>
<arg>1s</arg>
<doc>Pauses the test executed for the given time.</doc>
<status status="PASS" start="2025-05-07T18:19:07.839898" elapsed="1.001552"/>
</kw>
<kw name="Click Element" owner="SeleniumLibrary">
<msg time="2025-05-07T18:19:08.842440" level="INFO">Clicking element 'xpath=//a[@href="/publishing/add" and contains(text(),"Tambah Konten")]'.</msg>
<arg>${TAMBAH_KONTEN_BUTTON}</arg>
<doc>Click the element identified by ``locator``.</doc>
<status status="PASS" start="2025-05-07T18:19:08.842440" elapsed="0.290007"/>
</kw>
<kw name="Sleep" owner="BuiltIn">
<msg time="2025-05-07T18:19:14.135097" level="INFO">Slept 5 seconds.</msg>
<arg>5s</arg>
<doc>Pauses the test executed for the given time.</doc>
<status status="PASS" start="2025-05-07T18:19:09.134448" elapsed="5.000649"/>
</kw>
<kw name="Log" owner="BuiltIn">
<msg time="2025-05-07T18:19:14.136084" level="INFO">Konten diinput</msg>
<arg>Konten diinput</arg>
<doc>Logs the given message with the given level.</doc>
<status status="PASS" start="2025-05-07T18:19:14.136084" elapsed="0.000000"/>
</kw>
<kw name="Wait Until Element Is Visible" owner="SeleniumLibrary">
<arg>${KONTEN_TEXTAREA}</arg>
<arg>timeout=10s</arg>
<doc>Waits until the element ``locator`` is visible.</doc>
<status status="PASS" start="2025-05-07T18:19:14.137117" elapsed="0.069976"/>
</kw>
<kw name="Input Text" owner="SeleniumLibrary">
<msg time="2025-05-07T18:19:14.208088" level="INFO">Typing text 'DIMSUM MENTAI UDANG SPICY' into text field 'xpath=//textarea[@placeholder='Ketikan kontennya disini...']'.</msg>
<arg>${KONTEN_TEXTAREA}</arg>
<arg>${JUDUL_KONTEN}</arg>
<doc>Types the given ``text`` into the text field identified by ``locator``.</doc>
<status status="PASS" start="2025-05-07T18:19:14.208088" elapsed="0.493004"/>
</kw>
<kw name="Log" owner="BuiltIn">
<msg time="2025-05-07T18:19:14.704094" level="INFO">Upload Media</msg>
<arg>Upload Media</arg>
<doc>Logs the given message with the given level.</doc>
<status status="PASS" start="2025-05-07T18:19:14.704094" elapsed="0.000000"/>
</kw>
<kw name="Click Element" owner="SeleniumLibrary">
<msg time="2025-05-07T18:19:14.713097" level="INFO">Clicking element 'xpath=//div[contains(@class, 'col-3')]/button[contains(@class, 'btn-primary')]'.</msg>
<arg>${TOMBOL_TAMBAH_MEDIA}</arg>
<doc>Click the element identified by ``locator``.</doc>
<status status="PASS" start="2025-05-07T18:19:14.712092" elapsed="0.182001"/>
</kw>
<kw name="Sleep" owner="BuiltIn">
<msg time="2025-05-07T18:19:15.897088" level="INFO">Slept 1 second.</msg>
<arg>1s</arg>
<doc>Pauses the test executed for the given time.</doc>
<status status="PASS" start="2025-05-07T18:19:14.895094" elapsed="1.001994"/>
</kw>
<kw name="Choose File" owner="SeleniumLibrary">
<msg time="2025-05-07T18:19:15.898089" level="INFO">Sending C:\Users\HERA DWI PRADITA\Pictures\GAMBAR DIMSUM\DIMSUMMENTAI.jpg to browser.</msg>
<arg>${FILE_INPUT}</arg>
<arg>${PATH_FILE}</arg>
<doc>Inputs the ``file_path`` into the file input field ``locator``.</doc>
<status status="PASS" start="2025-05-07T18:19:15.898089" elapsed="0.140006"/>
</kw>
<kw name="Log To Console" owner="BuiltIn">
<arg>Upload file DIMSUMMENTAI.jpg done</arg>
<doc>Logs the given message to the console.</doc>
<status status="PASS" start="2025-05-07T18:19:16.039090" elapsed="0.000998"/>
</kw>
<kw name="Sleep" owner="BuiltIn">
<msg time="2025-05-07T18:19:21.041228" level="INFO">Slept 5 seconds.</msg>
<arg>5s</arg>
<doc>Pauses the test executed for the given time.</doc>
<status status="PASS" start="2025-05-07T18:19:16.041087" elapsed="5.000141"/>
</kw>
<kw name="Log" owner="BuiltIn">
<msg time="2025-05-07T18:19:21.042233" level="INFO">Konten diterbitkan</msg>
<arg>Konten diterbitkan</arg>
<doc>Logs the given message with the given level.</doc>
<status status="PASS" start="2025-05-07T18:19:21.042233" elapsed="0.000000"/>
</kw>
<kw name="Wait Until Element Is Enabled" owner="SeleniumLibrary">
<arg>${TERBITKAN_BUTTON}</arg>
<arg>timeout=10s</arg>
<doc>Waits until the element ``locator`` is enabled.</doc>
<status status="PASS" start="2025-05-07T18:19:21.043233" elapsed="0.075015"/>
</kw>
<kw name="Click Element" owner="SeleniumLibrary">
<msg time="2025-05-07T18:19:21.119232" level="INFO">Clicking element 'xpath=//button[normalize-space(.)="Terbitkan"]'.</msg>
<arg>${TERBITKAN_BUTTON}</arg>
<doc>Click the element identified by ``locator``.</doc>
<status status="PASS" start="2025-05-07T18:19:21.119232" elapsed="0.166000"/>
</kw>
<kw name="Sleep" owner="BuiltIn">
<msg time="2025-05-07T18:19:26.287813" level="INFO">Slept 5 seconds.</msg>
<arg>5s</arg>
<doc>Pauses the test executed for the given time.</doc>
<status status="PASS" start="2025-05-07T18:19:21.287231" elapsed="5.000582"/>
</kw>
<kw name="Log" owner="BuiltIn">
<msg time="2025-05-07T18:19:26.288818" level="INFO">Tunggu sampai konten berhasil diterbitkan</msg>
<arg>Tunggu sampai konten berhasil diterbitkan</arg>
<doc>Logs the given message with the given level.</doc>
<status status="PASS" start="2025-05-07T18:19:26.288818" elapsed="0.000000"/>
</kw>
<kw name="Wait Until Element Is Visible" owner="SeleniumLibrary">
<msg time="2025-05-07T18:19:40.608819" level="WARN">Keyword 'Capture Page Screenshot' could not be run on failure: Message: invalid session id: session deleted as the browser has closed the connection
from disconnected: not connected to DevTools
  (Session info: chrome=135.0.7049.116)
Stacktrace:
	GetHandleVerifier [0x00007FF6B4745335+78597]
	GetHandleVerifier [0x00007FF6B4745390+78688]
	(No symbol) [0x00007FF6B44F91AA]
	(No symbol) [0x00007FF6B44E4EF5]
	(No symbol) [0x00007FF6B4509F04]
	(No symbol) [0x00007FF6B457ED0F]
	(No symbol) [0x00007FF6B459EBB2]
	(No symbol) [0x00007FF6B4576EC3]
	(No symbol) [0x00007FF6B45403F8]
	(No symbol) [0x00007FF6B4541163]
	GetHandleVerifier [0x00007FF6B49EEEED+2870973]
	GetHandleVerifier [0x00007FF6B49E9698+2848360]
	GetHandleVerifier [0x00007FF6B4A06973+2967875]
	GetHandleVerifier [0x00007FF6B476017A+188746]
	GetHandleVerifier [0x00007FF6B476845F+222255]
	GetHandleVerifier [0x00007FF6B474D2B4+111236]
	GetHandleVerifier [0x00007FF6B474D462+111666]
	GetHandleVerifier [0x00007FF6B4733589+5465]
	BaseThreadInitThunk [0x00007FF9EDEA7E94+20]
	RtlUserThreadStart [0x00007FF9EE807AD1+33]
</msg>
<msg time="2025-05-07T18:19:40.613821" level="FAIL">WebDriverException: Message: target frame detached
  (failed to check if window was closed: disconnected: Unable to receive message from renderer)
  (Session info: chrome=135.0.7049.116)
Stacktrace:
	GetHandleVerifier [0x00007FF6B4745335+78597]
	GetHandleVerifier [0x00007FF6B4745390+78688]
	(No symbol) [0x00007FF6B44F8FDC]
	(No symbol) [0x00007FF6B44E623B]
	(No symbol) [0x00007FF6B44E50FE]
	(No symbol) [0x00007FF6B4509F04]
	(No symbol) [0x00007FF6B457ED0F]
	(No symbol) [0x00007FF6B459EBB2]
	(No symbol) [0x00007FF6B4576EC3]
	(No symbol) [0x00007FF6B45403F8]
	(No symbol) [0x00007FF6B4541163]
	GetHandleVerifier [0x00007FF6B49EEEED+2870973]
	GetHandleVerifier [0x00007FF6B49E9698+2848360]
	GetHandleVerifier [0x00007FF6B4A06973+2967875]
	GetHandleVerifier [0x00007FF6B476017A+188746]
	GetHandleVerifier [0x00007FF6B476845F+222255]
	GetHandleVerifier [0x00007FF6B474D2B4+111236]
	GetHandleVerifier [0x00007FF6B474D462+111666]
	GetHandleVerifier [0x00007FF6B4733589+5465]
	BaseThreadInitThunk [0x00007FF9EDEA7E94+20]
	RtlUserThreadStart [0x00007FF9EE807AD1+33]
</msg>
<arg>xpath=//div[contains(text(),"Penerbitan Konten")]</arg>
<arg>timeout=25s</arg>
<doc>Waits until the element ``locator`` is visible.</doc>
<status status="FAIL" start="2025-05-07T18:19:26.289817" elapsed="14.550997">WebDriverException: Message: target frame detached
  (failed to check if window was closed: disconnected: Unable to receive message from renderer)
  (Session info: chrome=135.0.7049.116)
Stacktrace:
	GetHandleVerifier [0x00007FF6B4745335+78597]
	GetHandleVerifier [0x00007FF6B4745390+78688]
	(No symbol) [0x00007FF6B44F8FDC]
	(No symbol) [0x00007FF6B44E623B]
	(No symbol) [0x00007FF6B44E50FE]
	(No symbol) [0x00007FF6B4509F04]
	(No symbol) [0x00007FF6B457ED0F]
	(No symbol) [0x00007FF6B459EBB2]
	(No symbol) [0x00007FF6B4576EC3]
	(No symbol) [0x00007FF6B45403F8]
	(No symbol) [0x00007FF6B4541163]
	GetHandleVerifier [0x00007FF6B49EEEED+2870973]
	GetHandleVerifier [0x00007FF6B49E9698+2848360]
	GetHandleVerifier [0x00007FF6B4A06973+2967875]
	GetHandleVerifier [0x00007FF6B476017A+188746]
	GetHandleVerifier [0x00007FF6B476845F+222255]
	GetHandleVerifier [0x00007FF6B474D2B4+111236]
	GetHandleVerifier [0x00007FF6B474D462+111666]
	GetHandleVerifier [0x00007FF6B4733589+5465]
	BaseThreadInitThunk [0x00007FF9EDEA7E94+20]
	RtlUserThreadStart [0x00007FF9EE807AD1+33]
</status>
</kw>
<kw name="Sleep" owner="BuiltIn">
<arg>5s</arg>
<doc>Pauses the test executed for the given time.</doc>
<status status="NOT RUN" start="2025-05-07T18:19:40.840814" elapsed="0.001001"/>
</kw>
<status status="FAIL" start="2025-05-07T18:19:07.616893" elapsed="33.224922">WebDriverException: Message: target frame detached
  (failed to check if window was closed: disconnected: Unable to receive message from renderer)
  (Session info: chrome=135.0.7049.116)
Stacktrace:
	GetHandleVerifier [0x00007FF6B4745335+78597]
	GetHandleVerifier [0x00007FF6B4745390+78688]
	(No symbol) [0x00007FF6B44F8FDC]
	(No symbol) [0x00007FF6B44E623B]
	(No symbol) [0x00007FF6B44E50FE]
	(No symbol) [0x00007FF6B4509F04]
	(No symbol) [0x00007FF6B457ED0F]
	(No symbol) [0x00007FF6B459EBB2]
	(No symbol) [0x00007FF6B4576EC3]
	(No symbol) [0x00007FF6B45403F8]
	(No symbol) [0x00007FF6B4541163]
	GetHandleVerifier [0x00007FF6B49EEEED+2870973]
	GetHandleVerifier [0x00007FF6B49E9698+2848360]
	GetHandleVerifier [0x00007FF6B4A06973+2967875]
	GetHandleVerifier [0x00007FF6B476017A+188746]
	GetHandleVerifier [0x00007FF6B476845F+222255]
	GetHandleVerifier [0x00007FF6B474D2B4+111236]
	GetHandleVerifier [0x00007FF6B474D462+111666]
	GetHandleVerifier [0x00007FF6B4733589+5465]
	BaseThreadInitThunk [0x00007FF9EDEA7E94+20]
	RtlUserThreadStart [0x00007FF9EE807AD1+33]
</status>
</test>
<test id="s1-t5" name="Uji Status Konten Dengan Penjadwalan" line="259">
<kw name="Log" owner="BuiltIn">
<msg time="2025-05-07T18:19:40.848816" level="INFO">Menambah konten dengan penjadwalan</msg>
<arg>Menambah konten dengan penjadwalan</arg>
<doc>Logs the given message with the given level.</doc>
<status status="PASS" start="2025-05-07T18:19:40.848816" elapsed="0.000000"/>
</kw>
<kw name="Click Element" owner="SeleniumLibrary">
<msg time="2025-05-07T18:19:40.850819" level="INFO">Clicking element 'xpath=//a[@href="/publishing/add" and contains(text(),"Tambah Konten")]'.</msg>
<msg time="2025-05-07T18:19:44.104813" level="WARN">Retrying (Retry(total=2, connect=None, read=None, redirect=None, status=None)) after connection broken by 'NewConnectionError('&lt;urllib3.connection.HTTPConnection object at 0x000001D9F34D5A60&gt;: Failed to establish a new connection: [WinError 10061] No connection could be made because the target machine actively refused it')': /session/5d6e9edabdb8b8e962f683997d0b1da9/screenshot</msg>
<msg time="2025-05-07T18:19:46.112819" level="WARN">Retrying (Retry(total=1, connect=None, read=None, redirect=None, status=None)) after connection broken by 'NewConnectionError('&lt;urllib3.connection.HTTPConnection object at 0x000001D9F34D40B0&gt;: Failed to establish a new connection: [WinError 10061] No connection could be made because the target machine actively refused it')': /session/5d6e9edabdb8b8e962f683997d0b1da9/screenshot</msg>
<msg time="2025-05-07T18:19:48.119813" level="WARN">Retrying (Retry(total=0, connect=None, read=None, redirect=None, status=None)) after connection broken by 'NewConnectionError('&lt;urllib3.connection.HTTPConnection object at 0x000001D9F34D6300&gt;: Failed to establish a new connection: [WinError 10061] No connection could be made because the target machine actively refused it')': /session/5d6e9edabdb8b8e962f683997d0b1da9/screenshot</msg>
<msg time="2025-05-07T18:19:50.124813" level="WARN">Keyword 'Capture Page Screenshot' could not be run on failure: HTTPConnectionPool(host='localhost', port=52130): Max retries exceeded with url: /session/5d6e9edabdb8b8e962f683997d0b1da9/screenshot (Caused by NewConnectionError('&lt;urllib3.connection.HTTPConnection object at 0x000001D9F34D6D50&gt;: Failed to establish a new connection: [WinError 10061] No connection could be made because the target machine actively refused it'))</msg>
<arg>${TAMBAH_KONTEN_BUTTON}</arg>
<doc>Click the element identified by ``locator``.</doc>
<status status="FAIL" start="2025-05-07T18:19:40.849816" elapsed="9.276999">Execution terminated by signal</status>
</kw>
<kw name="Sleep" owner="BuiltIn">
<arg>5s</arg>
<doc>Pauses the test executed for the given time.</doc>
<status status="NOT RUN" start="2025-05-07T18:19:50.127817" elapsed="0.000000"/>
</kw>
<kw name="Log" owner="BuiltIn">
<arg>Konten diinput</arg>
<doc>Logs the given message with the given level.</doc>
<status status="NOT RUN" start="2025-05-07T18:19:50.128823" elapsed="0.000000"/>
</kw>
<kw name="Wait Until Element Is Visible" owner="SeleniumLibrary">
<arg>${KONTEN_TEXTAREA}</arg>
<arg>timeout=10s</arg>
<doc>Waits until the element ``locator`` is visible.</doc>
<status status="NOT RUN" start="2025-05-07T18:19:50.129816" elapsed="0.000000"/>
</kw>
<kw name="Input Text" owner="SeleniumLibrary">
<arg>${KONTEN_TEXTAREA}</arg>
<arg>${JUDUL_KONTEN}</arg>
<doc>Types the given ``text`` into the text field identified by ``locator``.</doc>
<status status="NOT RUN" start="2025-05-07T18:19:50.129816" elapsed="0.000000"/>
</kw>
<kw name="Log" owner="BuiltIn">
<arg>Upload Media</arg>
<doc>Logs the given message with the given level.</doc>
<status status="NOT RUN" start="2025-05-07T18:19:50.130816" elapsed="0.000000"/>
</kw>
<kw name="Click Element" owner="SeleniumLibrary">
<arg>${TOMBOL_TAMBAH_MEDIA}</arg>
<doc>Click the element identified by ``locator``.</doc>
<status status="NOT RUN" start="2025-05-07T18:19:50.130816" elapsed="0.000000"/>
</kw>
<kw name="Sleep" owner="BuiltIn">
<arg>1s</arg>
<doc>Pauses the test executed for the given time.</doc>
<status status="NOT RUN" start="2025-05-07T18:19:50.131816" elapsed="0.000000"/>
</kw>
<kw name="Choose File" owner="SeleniumLibrary">
<arg>${FILE_INPUT}</arg>
<arg>${PATH_FILE}</arg>
<doc>Inputs the ``file_path`` into the file input field ``locator``.</doc>
<status status="NOT RUN" start="2025-05-07T18:19:50.131816" elapsed="0.000998"/>
</kw>
<kw name="Log To Console" owner="BuiltIn">
<arg>Upload file DIMSUMMENTAI.jpg done</arg>
<doc>Logs the given message to the console.</doc>
<status status="NOT RUN" start="2025-05-07T18:19:50.132814" elapsed="0.001002"/>
</kw>
<kw name="Sleep" owner="BuiltIn">
<arg>5s</arg>
<doc>Pauses the test executed for the given time.</doc>
<status status="NOT RUN" start="2025-05-07T18:19:50.133816" elapsed="0.000000"/>
</kw>
<kw name="Log" owner="BuiltIn">
<arg>Pengaturan jadwal dibuka</arg>
<doc>Logs the given message with the given level.</doc>
<status status="NOT RUN" start="2025-05-07T18:19:50.134814" elapsed="0.000000"/>
</kw>
<kw name="Click Element" owner="SeleniumLibrary">
<arg>${TOMBOL_ATUR_JADWAL}</arg>
<doc>Click the element identified by ``locator``.</doc>
<status status="NOT RUN" start="2025-05-07T18:19:50.135832" elapsed="0.000000"/>
</kw>
<kw name="Sleep" owner="BuiltIn">
<arg>1s</arg>
<doc>Pauses the test executed for the given time.</doc>
<status status="NOT RUN" start="2025-05-07T18:19:50.135832" elapsed="0.000000"/>
</kw>
<kw name="Log" owner="BuiltIn">
<arg>Tanggal dipilih untuk penjadwalan</arg>
<doc>Logs the given message with the given level.</doc>
<status status="NOT RUN" start="2025-05-07T18:19:50.136848" elapsed="0.000000"/>
</kw>
<kw name="Click Element" owner="SeleniumLibrary">
<arg>${INPUT_JADWAL}</arg>
<doc>Click the element identified by ``locator``.</doc>
<status status="NOT RUN" start="2025-05-07T18:19:50.136848" elapsed="0.000000"/>
</kw>
<kw name="Sleep" owner="BuiltIn">
<arg>5s</arg>
<doc>Pauses the test executed for the given time.</doc>
<status status="NOT RUN" start="2025-05-07T18:19:50.137830" elapsed="0.000000"/>
</kw>
<kw name="Wait Until Element Is Visible" owner="SeleniumLibrary">
<arg>xpath=/html/body/div[3]</arg>
<arg>timeout=10s</arg>
<doc>Waits until the element ``locator`` is visible.</doc>
<status status="NOT RUN" start="2025-05-07T18:19:50.138830" elapsed="0.000000"/>
</kw>
<kw name="Get Current Date" owner="DateTime">
<var>${today}</var>
<arg>result_format=%#d</arg>
<doc>Returns current local or UTC time with an optional increment.</doc>
<status status="NOT RUN" start="2025-05-07T18:19:50.138830" elapsed="0.001001"/>
</kw>
<kw name="Set Variable" owner="BuiltIn">
<var>${tanggal_xpath}</var>
<arg>//div[contains(@class,"rs-calendar-table")]//div[normalize-space()="${today}" and not(contains(@class,"rs-calendar-cell-disabled"))]</arg>
<doc>Returns the given values which can then be assigned to a variables.</doc>
<status status="NOT RUN" start="2025-05-07T18:19:50.139831" elapsed="0.000000"/>
</kw>
<kw name="Wait Until Element Is Visible" owner="SeleniumLibrary">
<arg>xpath=${tanggal_xpath}</arg>
<arg>timeout=10s</arg>
<doc>Waits until the element ``locator`` is visible.</doc>
<status status="NOT RUN" start="2025-05-07T18:19:50.140819" elapsed="0.000000"/>
</kw>
<kw name="Click Element" owner="SeleniumLibrary">
<arg>xpath=${tanggal_xpath}</arg>
<doc>Click the element identified by ``locator``.</doc>
<status status="NOT RUN" start="2025-05-07T18:19:50.140819" elapsed="0.001003"/>
</kw>
<kw name="Sleep" owner="BuiltIn">
<arg>5s</arg>
<doc>Pauses the test executed for the given time.</doc>
<status status="NOT RUN" start="2025-05-07T18:19:50.141822" elapsed="0.000000"/>
</kw>
<kw name="Log" owner="BuiltIn">
<arg>Konfirmasi penjadwalan selesai</arg>
<doc>Logs the given message with the given level.</doc>
<status status="NOT RUN" start="2025-05-07T18:19:50.142820" elapsed="0.000000"/>
</kw>
<kw name="Click Element" owner="SeleniumLibrary">
<arg>${OK_BUTTON}</arg>
<doc>Click the element identified by ``locator``.</doc>
<status status="NOT RUN" start="2025-05-07T18:19:50.143823" elapsed="0.000000"/>
</kw>
<kw name="Sleep" owner="BuiltIn">
<arg>1s</arg>
<doc>Pauses the test executed for the given time.</doc>
<status status="NOT RUN" start="2025-05-07T18:19:50.144820" elapsed="0.001004"/>
</kw>
<kw name="Log" owner="BuiltIn">
<arg>Konten dijadwalkan</arg>
<doc>Logs the given message with the given level.</doc>
<status status="NOT RUN" start="2025-05-07T18:19:50.145824" elapsed="0.001000"/>
</kw>
<kw name="Click Element" owner="SeleniumLibrary">
<arg>${JADWALKAN_BUTTON}</arg>
<doc>Click the element identified by ``locator``.</doc>
<status status="NOT RUN" start="2025-05-07T18:19:50.147824" elapsed="0.000000"/>
</kw>
<kw name="Sleep" owner="BuiltIn">
<arg>5s</arg>
<doc>Pauses the test executed for the given time.</doc>
<status status="NOT RUN" start="2025-05-07T18:19:50.148825" elapsed="0.000000"/>
</kw>
<kw name="Log" owner="BuiltIn">
<arg>Pastikan kembali ke halaman utama</arg>
<doc>Logs the given message with the given level.</doc>
<status status="NOT RUN" start="2025-05-07T18:19:50.149823" elapsed="0.000000"/>
</kw>
<kw name="Wait Until Element Is Visible" owner="SeleniumLibrary">
<arg>xpath=//div[contains(text(),"Penerbitan Konten")]</arg>
<arg>timeout=15s</arg>
<doc>Waits until the element ``locator`` is visible.</doc>
<status status="NOT RUN" start="2025-05-07T18:19:50.149823" elapsed="0.001000"/>
</kw>
<kw name="Sleep" owner="BuiltIn">
<arg>5s</arg>
<doc>Pauses the test executed for the given time.</doc>
<status status="NOT RUN" start="2025-05-07T18:19:50.150823" elapsed="0.000000"/>
</kw>
<status status="FAIL" start="2025-05-07T18:19:40.846816" elapsed="9.305008">Execution terminated by signal</status>
</test>
<test id="s1-t6" name="Buat dan Posting Kampanye" line="314">
<tag>robot:exit</tag>
<status status="FAIL" start="2025-05-07T18:19:50.153818" elapsed="0.001999">Test execution stopped due to a fatal error.</status>
</test>
<test id="s1-t7" name="Pindah ke tab Draf" line="394">
<tag>robot:exit</tag>
<status status="FAIL" start="2025-05-07T18:19:50.157819" elapsed="0.000996">Test execution stopped due to a fatal error.</status>
</test>
<test id="s1-t8" name="Pindah ke tab Arsip" line="399">
<tag>robot:exit</tag>
<status status="FAIL" start="2025-05-07T18:19:50.160816" elapsed="0.001004">Test execution stopped due to a fatal error.</status>
</test>
<test id="s1-t9" name="Buka Tab Laporan" line="410">
<tag>robot:exit</tag>
<status status="FAIL" start="2025-05-07T18:19:50.163822" elapsed="0.002001">Test execution stopped due to a fatal error.</status>
</test>
<test id="s1-t10" name="Uji Pilih Facebook Dan Instagram Modul Laporan" line="419">
<tag>robot:exit</tag>
<status status="FAIL" start="2025-05-07T18:19:50.167821" elapsed="0.002003">Test execution stopped due to a fatal error.</status>
</test>
<test id="s1-t11" name="Uji Pemilihan Jenis Laporan" line="462">
<doc>Menguji pemilihan jenis laporan dari dropdown, memilih opsi, dan menutup modal</doc>
<tag>robot:exit</tag>
<status status="FAIL" start="2025-05-07T18:19:50.172821" elapsed="0.001995">Test execution stopped due to a fatal error.</status>
</test>
<status status="FAIL" start="2025-05-07T18:17:44.283378" elapsed="125.920441"/>
</suite>
<statistics>
<total>
<stat pass="3" fail="8" skip="0">All Tests</stat>
</total>
<tag>
<stat info="combined" combined="NOT robot:exit" pass="3" fail="2" skip="0">NOT robot:exit</stat>
</tag>
<suite>
<stat name="ModulKampanye Penerbitan Laporan" id="s1" pass="3" fail="8" skip="0">ModulKampanye Penerbitan Laporan</stat>
</suite>
</statistics>
<errors>
<msg time="2025-05-07T18:19:40.608819" level="WARN">Keyword 'Capture Page Screenshot' could not be run on failure: Message: invalid session id: session deleted as the browser has closed the connection
from disconnected: not connected to DevTools
  (Session info: chrome=135.0.7049.116)
Stacktrace:
	GetHandleVerifier [0x00007FF6B4745335+78597]
	GetHandleVerifier [0x00007FF6B4745390+78688]
	(No symbol) [0x00007FF6B44F91AA]
	(No symbol) [0x00007FF6B44E4EF5]
	(No symbol) [0x00007FF6B4509F04]
	(No symbol) [0x00007FF6B457ED0F]
	(No symbol) [0x00007FF6B459EBB2]
	(No symbol) [0x00007FF6B4576EC3]
	(No symbol) [0x00007FF6B45403F8]
	(No symbol) [0x00007FF6B4541163]
	GetHandleVerifier [0x00007FF6B49EEEED+2870973]
	GetHandleVerifier [0x00007FF6B49E9698+2848360]
	GetHandleVerifier [0x00007FF6B4A06973+2967875]
	GetHandleVerifier [0x00007FF6B476017A+188746]
	GetHandleVerifier [0x00007FF6B476845F+222255]
	GetHandleVerifier [0x00007FF6B474D2B4+111236]
	GetHandleVerifier [0x00007FF6B474D462+111666]
	GetHandleVerifier [0x00007FF6B4733589+5465]
	BaseThreadInitThunk [0x00007FF9EDEA7E94+20]
	RtlUserThreadStart [0x00007FF9EE807AD1+33]
</msg>
<msg time="2025-05-07T18:19:44.104813" level="WARN">Retrying (Retry(total=2, connect=None, read=None, redirect=None, status=None)) after connection broken by 'NewConnectionError('&lt;urllib3.connection.HTTPConnection object at 0x000001D9F34D5A60&gt;: Failed to establish a new connection: [WinError 10061] No connection could be made because the target machine actively refused it')': /session/5d6e9edabdb8b8e962f683997d0b1da9/screenshot</msg>
<msg time="2025-05-07T18:19:46.112819" level="WARN">Retrying (Retry(total=1, connect=None, read=None, redirect=None, status=None)) after connection broken by 'NewConnectionError('&lt;urllib3.connection.HTTPConnection object at 0x000001D9F34D40B0&gt;: Failed to establish a new connection: [WinError 10061] No connection could be made because the target machine actively refused it')': /session/5d6e9edabdb8b8e962f683997d0b1da9/screenshot</msg>
<msg time="2025-05-07T18:19:48.119813" level="WARN">Retrying (Retry(total=0, connect=None, read=None, redirect=None, status=None)) after connection broken by 'NewConnectionError('&lt;urllib3.connection.HTTPConnection object at 0x000001D9F34D6300&gt;: Failed to establish a new connection: [WinError 10061] No connection could be made because the target machine actively refused it')': /session/5d6e9edabdb8b8e962f683997d0b1da9/screenshot</msg>
<msg time="2025-05-07T18:19:50.124813" level="WARN">Keyword 'Capture Page Screenshot' could not be run on failure: HTTPConnectionPool(host='localhost', port=52130): Max retries exceeded with url: /session/5d6e9edabdb8b8e962f683997d0b1da9/screenshot (Caused by NewConnectionError('&lt;urllib3.connection.HTTPConnection object at 0x000001D9F34D6D50&gt;: Failed to establish a new connection: [WinError 10061] No connection could be made because the target machine actively refused it'))</msg>
</errors>
</robot>
